<?xml version="1.0" encoding="UTF-8"?>
<testng-results skipped="0" failed="0" ignored="0" total="1" passed="1">
  <reporter-output>
  </reporter-output>
  <suite name="Default suite" duration-ms="20185" started-at="2022-01-05T12:28:17 IST" finished-at="2022-01-05T12:28:37 IST">
    <groups>
      <group name="SmokeTest">
        <method signature="CreateOrgTest.createOrg()[pri:0, instance:FileUtilityTest.CreateOrgTest@2641e737]" name="createOrg" class="FileUtilityTest.CreateOrgTest"/>
      </group> <!-- SmokeTest -->
      <group name="RegressionTest">
        <method signature="CreateOrgTest.createOrg()[pri:0, instance:FileUtilityTest.CreateOrgTest@2641e737]" name="createOrg" class="FileUtilityTest.CreateOrgTest"/>
      </group> <!-- RegressionTest -->
    </groups>
    <test name="Default test" duration-ms="20185" started-at="2022-01-05T12:28:17 IST" finished-at="2022-01-05T12:28:37 IST">
      <class name="FileUtilityTest.CreateOrgTest">
        <test-method status="PASS" signature="launchBrowser()[pri:0, instance:FileUtilityTest.CreateOrgTest@2641e737]" name="launchBrowser" is-config="true" duration-ms="6294" started-at="2022-01-05T12:28:17 IST" finished-at="2022-01-05T12:28:23 IST">
          <reporter-output>
          </reporter-output>
        </test-method> <!-- launchBrowser -->
        <test-method status="PASS" signature="createLogin()[pri:0, instance:FileUtilityTest.CreateOrgTest@2641e737]" name="createLogin" is-config="true" duration-ms="5090" started-at="2022-01-05T12:28:23 IST" finished-at="2022-01-05T12:28:28 IST">
          <reporter-output>
          </reporter-output>
        </test-method> <!-- createLogin -->
        <test-method status="PASS" signature="createOrg()[pri:0, instance:FileUtilityTest.CreateOrgTest@2641e737]" name="createOrg" duration-ms="95" started-at="2022-01-05T12:28:28 IST" finished-at="2022-01-05T12:28:28 IST">
          <reporter-output>
          </reporter-output>
        </test-method> <!-- createOrg -->
        <test-method status="PASS" signature="signOut()[pri:0, instance:FileUtilityTest.CreateOrgTest@2641e737]" name="signOut" is-config="true" duration-ms="8417" started-at="2022-01-05T12:28:28 IST" finished-at="2022-01-05T12:28:37 IST">
          <reporter-output>
          </reporter-output>
        </test-method> <!-- signOut -->
        <test-method status="PASS" signature="closeBrowser()[pri:0, instance:FileUtilityTest.CreateOrgTest@2641e737]" name="closeBrowser" is-config="true" duration-ms="150" started-at="2022-01-05T12:28:37 IST" finished-at="2022-01-05T12:28:37 IST">
          <reporter-output>
          </reporter-output>
        </test-method> <!-- closeBrowser -->
      </class> <!-- FileUtilityTest.CreateOrgTest -->
    </test> <!-- Default test -->
  </suite> <!-- Default suite -->
</testng-results>
