<?xml version="1.0" encoding="UTF-8"?>
<!-- Generated by org.testng.reporters.JUnitXMLReporter -->
<testsuite hostname="DESKTOP-OHP4P4S" ignored="0" name="Test" tests="2" failures="2" timestamp="2022-01-05T13:13:18 IST" time="0.108" errors="0">
  <testcase name="createOrg" time="0.018" classname="FileUtilityTest.CreateOrgTest">
    <failure type="java.lang.NullPointerException">
      <![CDATA[java.lang.NullPointerException
at FileUtilityTest.CreateOrgTest.createOrg(CreateOrgTest.java:13)
at java.util.ArrayList.forEach(ArrayList.java:1257)
... Removed 27 stack frames]]>
    </failure>
  </testcase> <!-- createOrg -->
  <testcase name="createLeads" time="0.011" classname="FileUtilityTest.CreateLeadsTest">
    <failure type="java.lang.NullPointerException">
      <![CDATA[java.lang.NullPointerException
at FileUtilityTest.CreateLeadsTest.createLeads(CreateLeadsTest.java:12)
at java.util.ArrayList.forEach(ArrayList.java:1257)
... Removed 27 stack frames]]>
    </failure>
  </testcase> <!-- createLeads -->
</testsuite> <!-- Test -->
