<?xml version="1.0" encoding="UTF-8"?>
<!-- Generated by org.testng.reporters.JUnitXMLReporter -->
<testsuite hostname="DESKTOP-OHP4P4S" ignored="0" name="Test1" tests="3" failures="0" timestamp="2021-12-17T10:58:43 IST" time="136.007" errors="0">
  <testcase name="createOrg" time="38.36" classname="FileUtilityTest.CreateOrgTest"/>
  <testcase name="createLeads" time="13.85" classname="FileUtilityTest.CreateLeadsTest"/>
  <testcase name="createOrgwithIndustry" time="15.578" classname="FileUtilityTest.CreateOrgWithIndustryTest"/>
</testsuite> <!-- Test1 -->
